c:\users\ahmed\documents\github\qt_graphical_clock\graphical_clock\release\qrc_graphical_clock.obj
c:\users\ahmed\documents\github\qt_graphical_clock\graphical_clock\release\clock_hands.obj
c:\users\ahmed\documents\github\qt_graphical_clock\graphical_clock\release\main_shape.obj
c:\users\ahmed\documents\github\qt_graphical_clock\graphical_clock\release\clock_shape.obj
c:\users\ahmed\documents\github\qt_graphical_clock\graphical_clock\release\main.obj
c:\users\ahmed\documents\github\qt_graphical_clock\graphical_clock\release\moc_clock_hands.obj
c:\users\ahmed\documents\github\qt_graphical_clock\graphical_clock\release\moc_clock_shape.obj
c:\users\ahmed\documents\github\qt_graphical_clock\graphical_clock\release\moc_main_shape.obj
c:\users\ahmed\documents\github\qt_graphical_clock\graphical_clock\release\uic\ui_main_shape.h
c:\users\ahmed\documents\github\qt_graphical_clock\graphical_clock\release\rcc\qrc_graphical_clock.cpp
c:\users\ahmed\documents\github\qt_graphical_clock\graphical_clock\release\moc\moc_clock_hands.cpp
c:\users\ahmed\documents\github\qt_graphical_clock\graphical_clock\release\moc\moc_clock_shape.cpp
c:\users\ahmed\documents\github\qt_graphical_clock\graphical_clock\release\moc\moc_main_shape.cpp
c:\users\ahmed\documents\github\qt_graphical_clock\release\graphical_clock.exe
c:\users\ahmed\documents\github\qt_graphical_clock\graphical_clock\release\graphical_clock.res
c:\users\ahmed\documents\github\qt_graphical_clock\graphical_clock\release\graphical_clock.tlog\cl.command.1.tlog
c:\users\ahmed\documents\github\qt_graphical_clock\graphical_clock\release\graphical_clock.tlog\cl.read.1.tlog
c:\users\ahmed\documents\github\qt_graphical_clock\graphical_clock\release\graphical_clock.tlog\cl.write.1.tlog
c:\users\ahmed\documents\github\qt_graphical_clock\graphical_clock\release\graphical_clock.tlog\graphical_clock.write.1u.tlog
c:\users\ahmed\documents\github\qt_graphical_clock\graphical_clock\release\graphical_clock.tlog\link.command.1.tlog
c:\users\ahmed\documents\github\qt_graphical_clock\graphical_clock\release\graphical_clock.tlog\link.read.1.tlog
c:\users\ahmed\documents\github\qt_graphical_clock\graphical_clock\release\graphical_clock.tlog\link.write.1.tlog
c:\users\ahmed\documents\github\qt_graphical_clock\graphical_clock\release\graphical_clock.tlog\moc.read.1u.tlog
c:\users\ahmed\documents\github\qt_graphical_clock\graphical_clock\release\graphical_clock.tlog\moc.write.1u.tlog
c:\users\ahmed\documents\github\qt_graphical_clock\graphical_clock\release\graphical_clock.tlog\rc.command.1.tlog
c:\users\ahmed\documents\github\qt_graphical_clock\graphical_clock\release\graphical_clock.tlog\rc.read.1.tlog
c:\users\ahmed\documents\github\qt_graphical_clock\graphical_clock\release\graphical_clock.tlog\rc.write.1.tlog
c:\users\ahmed\documents\github\qt_graphical_clock\graphical_clock\release\graphical_clock.tlog\rcc.read.1u.tlog
c:\users\ahmed\documents\github\qt_graphical_clock\graphical_clock\release\graphical_clock.tlog\rcc.write.1u.tlog
c:\users\ahmed\documents\github\qt_graphical_clock\graphical_clock\release\graphical_clock.tlog\uic.read.1u.tlog
c:\users\ahmed\documents\github\qt_graphical_clock\graphical_clock\release\graphical_clock.tlog\uic.write.1u.tlog
